TN:
SF:src/calculator.ts
FN:6,(anonymous_8)
FN:12,(anonymous_9)
FN:20,(anonymous_10)
FN:24,(anonymous_11)
FN:35,(anonymous_12)
FN:39,(anonymous_13)
FN:40,(anonymous_14)
FN:41,(anonymous_15)
FN:47,(anonymous_16)
FN:51,(anonymous_18)
FNF:10
FNH:5
FNDA:0,(anonymous_8)
FNDA:0,(anonymous_9)
FNDA:0,(anonymous_10)
FNDA:0,(anonymous_11)
FNDA:0,(anonymous_12)
FNDA:1,(anonymous_13)
FNDA:1,(anonymous_14)
FNDA:1,(anonymous_15)
FNDA:1,(anonymous_16)
FNDA:1,(anonymous_18)
DA:2,1
DA:5,1
DA:7,0
DA:9,0
DA:13,0
DA:14,0
DA:17,0
DA:21,0
DA:25,0
DA:26,0
DA:29,0
DA:36,0
DA:40,1
DA:41,1
DA:42,1
DA:48,1
DA:52,1
DA:74,1
LF:18
LH:8
BRDA:13,0,0,0
BRDA:25,1,0,0
BRF:2
BRH:0
end_of_record
